<?xml version="1.0" encoding="UTF-8"?>
<!-- Generated by org.testng.reporters.JUnitReportReporter -->
<testsuite skipped="0" hostname="DESKTOP-0AMJ84D" name="RestAssured.DataDrivenTest_AddNewEmployees" tests="5" failures="0" timestamp="29 Jun 2020 17:58:37 GMT" time="5.939" errors="0">
  <testcase name="postNewEmployess" time="0.678" classname="RestAssured.DataDrivenTest_AddNewEmployees"/>
  <testcase name="postNewEmployess" time="0.927" classname="RestAssured.DataDrivenTest_AddNewEmployees"/>
  <testcase name="postNewEmployess" time="0.667" classname="RestAssured.DataDrivenTest_AddNewEmployees"/>
  <testcase name="postNewEmployess" time="0.664" classname="RestAssured.DataDrivenTest_AddNewEmployees"/>
  <testcase name="postNewEmployess" time="3.003" classname="RestAssured.DataDrivenTest_AddNewEmployees"/>
</testsuite> <!-- RestAssured.DataDrivenTest_AddNewEmployees -->
