<?xml version="1.0" encoding="UTF-8"?>
<!-- Generated by org.testng.reporters.JUnitReportReporter -->
<testsuite skipped="0" hostname="DESKTOP-0AMJ84D" name="RestAssured.TC01_GetRequest" tests="1" failures="0" timestamp="07 Jul 2020 18:55:11 GMT" time="3.582" errors="0">
  <testcase name="getWeatherDetails" time="3.582" classname="RestAssured.TC01_GetRequest"/>
</testsuite> <!-- RestAssured.TC01_GetRequest -->
