<?xml version="1.0" encoding="UTF-8"?>
<!-- Generated by org.testng.reporters.JUnitReportReporter -->
<testsuite skipped="0" hostname="DESKTOP-0AMJ84D" name="RestAssured.RestAssuredAutomation.TC02_Post_Request" tests="1" failures="0" timestamp="28 Jun 2020 20:59:57 GMT" time="4.648" errors="0">
  <testcase name="postRequest" time="4.648" classname="RestAssured.RestAssuredAutomation.TC02_Post_Request"/>
</testsuite> <!-- RestAssured.RestAssuredAutomation.TC02_Post_Request -->
