<?xml version="1.0" encoding="UTF-8"?>
<!-- Generated by org.testng.reporters.JUnitReportReporter -->
<testsuite skipped="1" hostname="DESKTOP-0AMJ84D" name="RestAssured.RestAssuredAutomation.DataDrivenTest_AddNewEmployees" tests="1" failures="0" timestamp="29 Jun 2020 17:48:22 GMT" time="0.000" errors="0">
  <testcase name="postNewEmployess" time="0.000" classname="RestAssured.RestAssuredAutomation.DataDrivenTest_AddNewEmployees">
    <skipped/>
  </testcase> <!-- postNewEmployess -->
</testsuite> <!-- RestAssured.RestAssuredAutomation.DataDrivenTest_AddNewEmployees -->
