<?xml version="1.0" encoding="UTF-8"?>
<!-- Generated by org.testng.reporters.JUnitReportReporter -->
<testsuite skipped="0" hostname="DESKTOP-0AMJ84D" name="RestAssured.RestAssuredAutomation.TC01_GetRequest" tests="1" failures="0" timestamp="29 Jun 2020 04:46:28 GMT" time="4.471" errors="0">
  <testcase name="getWeatherDetails" time="4.471" classname="RestAssured.RestAssuredAutomation.TC01_GetRequest"/>
</testsuite> <!-- RestAssured.RestAssuredAutomation.TC01_GetRequest -->
